<?xml version="1.0" encoding="UTF-8"?>
<testng-results ignored="0" total="1" passed="1" failed="0" skipped="0">
  <reporter-output>
    <line>
      <![CDATA[Launching Browser]]>
    </line>
  </reporter-output>
  <suite started-at="2023-02-13T19:59:01 IST" name="Default suite" finished-at="2023-02-13T19:59:06 IST" duration-ms="4724">
    <groups>
    </groups>
    <test started-at="2023-02-13T19:59:01 IST" name="Default test" finished-at="2023-02-13T19:59:06 IST" duration-ms="4724">
      <class name="dashBoard.VerifyUserCanAddStocksToWatchList">
        <test-method is-config="true" signature="beforeClass()[pri:0, instance:dashBoard.VerifyUserCanAddStocksToWatchList@2e6a8155]" started-at="2023-02-13T19:59:01 IST" name="beforeClass" finished-at="2023-02-13T19:59:05 IST" duration-ms="3508" status="PASS">
          <reporter-output>
            <line>
              <![CDATA[Launching Browser]]>
            </line>
          </reporter-output>
        </test-method> <!-- beforeClass -->
        <test-method is-config="true" signature="beforeMethod()[pri:0, instance:dashBoard.VerifyUserCanAddStocksToWatchList@2e6a8155]" started-at="2023-02-13T19:59:05 IST" name="beforeMethod" finished-at="2023-02-13T19:59:06 IST" duration-ms="1181" status="PASS">
          <reporter-output>
          </reporter-output>
        </test-method> <!-- beforeMethod -->
        <test-method signature="f()[pri:0, instance:dashBoard.VerifyUserCanAddStocksToWatchList@2e6a8155]" started-at="2023-02-13T19:59:06 IST" name="f" finished-at="2023-02-13T19:59:06 IST" duration-ms="3" status="PASS">
          <reporter-output>
          </reporter-output>
        </test-method> <!-- f -->
      </class> <!-- dashBoard.VerifyUserCanAddStocksToWatchList -->
    </test> <!-- Default test -->
  </suite> <!-- Default suite -->
</testng-results>
