<?xml version="1.0" encoding="UTF-8"?>
<testng-results ignored="0" total="4" passed="4" failed="0" skipped="0">
  <reporter-output>
    <line>
      <![CDATA[Launching Browser]]>
    </line>
  </reporter-output>
  <suite started-at="2023-02-14T16:22:54 IST" name="Default suite" finished-at="2023-02-14T16:23:18 IST" duration-ms="23838">
    <groups>
    </groups>
    <test started-at="2023-02-14T16:22:54 IST" name="Default test" finished-at="2023-02-14T16:23:18 IST" duration-ms="23838">
      <class name="fundModule.VerifyUserCanAddFunds">
        <test-method is-config="true" signature="beforeClass()[pri:0, instance:fundModule.VerifyUserCanAddFunds@2e6a8155]" started-at="2023-02-14T16:22:54 IST" name="beforeClass" finished-at="2023-02-14T16:23:05 IST" duration-ms="10755" status="PASS">
          <reporter-output>
            <line>
              <![CDATA[Launching Browser]]>
            </line>
          </reporter-output>
        </test-method> <!-- beforeClass -->
        <test-method is-config="true" signature="beforeMethod()[pri:0, instance:fundModule.VerifyUserCanAddFunds@2e6a8155]" started-at="2023-02-14T16:23:05 IST" name="beforeMethod" finished-at="2023-02-14T16:23:05 IST" duration-ms="65" status="PASS">
          <reporter-output>
          </reporter-output>
        </test-method> <!-- beforeMethod -->
        <test-method signature="VerifyUserCanLogin()[pri:1, instance:fundModule.VerifyUserCanAddFunds@2e6a8155]" started-at="2023-02-14T16:23:05 IST" name="VerifyUserCanLogin" finished-at="2023-02-14T16:23:14 IST" duration-ms="8499" status="PASS">
          <reporter-output>
          </reporter-output>
        </test-method> <!-- VerifyUserCanLogin -->
        <test-method is-config="true" signature="afterMethod()[pri:0, instance:fundModule.VerifyUserCanAddFunds@2e6a8155]" started-at="2023-02-14T16:23:14 IST" name="afterMethod" finished-at="2023-02-14T16:23:14 IST" duration-ms="0" status="PASS">
          <reporter-output>
          </reporter-output>
        </test-method> <!-- afterMethod -->
        <test-method is-config="true" signature="beforeMethod()[pri:0, instance:fundModule.VerifyUserCanAddFunds@2e6a8155]" started-at="2023-02-14T16:23:14 IST" name="beforeMethod" finished-at="2023-02-14T16:23:14 IST" duration-ms="3" status="PASS">
          <reporter-output>
          </reporter-output>
        </test-method> <!-- beforeMethod -->
        <test-method signature="VerifyUserCanOpenFundWindow()[pri:2, instance:fundModule.VerifyUserCanAddFunds@2e6a8155]" started-at="2023-02-14T16:23:14 IST" name="VerifyUserCanOpenFundWindow" finished-at="2023-02-14T16:23:14 IST" depends-on-methods="fundModule.VerifyUserCanAddFunds.VerifyUserCanLogin" duration-ms="137" status="PASS">
          <reporter-output>
          </reporter-output>
        </test-method> <!-- VerifyUserCanOpenFundWindow -->
        <test-method is-config="true" signature="afterMethod()[pri:0, instance:fundModule.VerifyUserCanAddFunds@2e6a8155]" started-at="2023-02-14T16:23:14 IST" name="afterMethod" finished-at="2023-02-14T16:23:14 IST" duration-ms="0" status="PASS">
          <reporter-output>
          </reporter-output>
        </test-method> <!-- afterMethod -->
        <test-method signature="VerifyUserCanOpenDepositeFundWindow()[pri:3, instance:fundModule.VerifyUserCanAddFunds@2e6a8155]" started-at="2023-02-14T16:23:14 IST" name="VerifyUserCanOpenDepositeFundWindow" finished-at="2023-02-14T16:23:16 IST" depends-on-methods="fundModule.VerifyUserCanAddFunds.VerifyUserCanLogin" duration-ms="2437" status="PASS">
          <reporter-output>
          </reporter-output>
        </test-method> <!-- VerifyUserCanOpenDepositeFundWindow -->
        <test-method is-config="true" signature="beforeMethod()[pri:0, instance:fundModule.VerifyUserCanAddFunds@2e6a8155]" started-at="2023-02-14T16:23:14 IST" name="beforeMethod" finished-at="2023-02-14T16:23:14 IST" duration-ms="0" status="PASS">
          <reporter-output>
          </reporter-output>
        </test-method> <!-- beforeMethod -->
        <test-method is-config="true" signature="beforeMethod()[pri:0, instance:fundModule.VerifyUserCanAddFunds@2e6a8155]" started-at="2023-02-14T16:23:16 IST" name="beforeMethod" finished-at="2023-02-14T16:23:16 IST" duration-ms="7" status="PASS">
          <reporter-output>
          </reporter-output>
        </test-method> <!-- beforeMethod -->
        <test-method is-config="true" signature="afterMethod()[pri:0, instance:fundModule.VerifyUserCanAddFunds@2e6a8155]" started-at="2023-02-14T16:23:16 IST" name="afterMethod" finished-at="2023-02-14T16:23:16 IST" duration-ms="0" status="PASS">
          <reporter-output>
          </reporter-output>
        </test-method> <!-- afterMethod -->
        <test-method signature="VerifyUserCanFillDepositeDetailsAdnContinue()[pri:4, instance:fundModule.VerifyUserCanAddFunds@2e6a8155]" started-at="2023-02-14T16:23:16 IST" name="VerifyUserCanFillDepositeDetailsAdnContinue" finished-at="2023-02-14T16:23:18 IST" depends-on-methods="fundModule.VerifyUserCanAddFunds.VerifyUserCanLogin" duration-ms="1870" status="PASS">
          <reporter-output>
          </reporter-output>
        </test-method> <!-- VerifyUserCanFillDepositeDetailsAdnContinue -->
        <test-method is-config="true" signature="afterMethod()[pri:0, instance:fundModule.VerifyUserCanAddFunds@2e6a8155]" started-at="2023-02-14T16:23:18 IST" name="afterMethod" finished-at="2023-02-14T16:23:18 IST" duration-ms="0" status="PASS">
          <reporter-output>
          </reporter-output>
        </test-method> <!-- afterMethod -->
        <test-method is-config="true" signature="afterClass()[pri:0, instance:fundModule.VerifyUserCanAddFunds@2e6a8155]" started-at="2023-02-14T16:23:18 IST" name="afterClass" finished-at="2023-02-14T16:23:18 IST" duration-ms="0" status="PASS">
          <reporter-output>
          </reporter-output>
        </test-method> <!-- afterClass -->
      </class> <!-- fundModule.VerifyUserCanAddFunds -->
    </test> <!-- Default test -->
  </suite> <!-- Default suite -->
</testng-results>
